[    0.000000] Linux version 4.5.0-76-gerc (buildd@lcy01-amd64-029) (gcc version 7.4.0 (Ubuntu 7.4.0-1ubuntu1~18.04.1)) #86-Ubuntu SMP Fri Jan 17 17:24:28 UTC 2020 (Ubuntu 4.15.0-76.86-generic 4.15.18)
[    0.000000] Command line: BOOT_IMAGE=/boot/vmlinuz-4.15.0-76-generic root=UUID=8dedfe6d-fd80-4a92-9a79-ebdffc91753f ro console=tty1 console=ttyS0
[    0.000000] KERNEL supported cpus:
[    0.000000]   Intel GenuineIntel
[    0.000000]   AMD AuthenticAMD
[    0.000000]   Centaur CentaurHauls
[    0.000000] x86/fpu: Supporting XSAVE feature 0x001: 'x87 floating point registers'
[    0.000000] x86/fpu: Supporting XSAVE feature 0x002: 'SSE registers'
[    0.000000] x86/fpu: Supporting XSAVE feature 0x004: 'AVX registers'
[    0.000000] x86/fpu: xstate_offset[2]:  576, xstate_sizes[2]:  256
[    0.000000] x86/fpu: Enabled xstate features 0x7, context size is 832 bytes, using 'standard' format.
[    0.000000] e820: BIOS-provided physical RAM map:
[    0.000000] BIOS-e820: [mem 0x0000000000000000-0x000000000009fbff] usable
[    0.000000] BIOS-e820: [mem 0x000000000009fc00-0x000000000009ffff] reserved
[    0.000000] BIOS-e820: [mem 0x00000000000f0000-0x00000000000fffff] reserved
[    0.000000] BIOS-e820: [mem 0x0000000000100000-0x000000003ffeffff] usable
[    0.000000] BIOS-e820: [mem 0x000000003fff0000-0x000000003fffffff] ACPI data
[    0.000000] BIOS-e820: [mem 0x00000000fec00000-0x00000000fec00fff] reserved
[    0.000000] BIOS-e820: [mem 0x00000000fee00000-0x00000000fee00fff] reserved
[    0.000000] BIOS-e820: [mem 0x00000000fffc0000-0x00000000ffffffff] reserved
[    0.000000] NX (Execute Disable) protection: active
[    0.000000] SMBIOS 2.5 present.
[    0.000000] DMI: innotek GmbH VirtualBox/VirtualBox, BIOS VirtualBox 12/01/2006
[    0.000000] Hypervisor detected: KVM
[    0.000000] e820: last_pfn = 0x3fff0 max_arch_pfn = 0x400000000
[    0.000000] MTRR: Disabled
[    0.000000] x86/PAT: MTRRs disabled, skipping PAT initialization too.
[    0.000000] CPU MTRRs all blank - virtualized system.
[    0.000000] x86/PAT: Configuration [0-7]: WB  WT  UC- UC  WB  WT  UC- UC  
[    0.000000] found SMP MP-table at [mem 0x0009fff0-0x0009ffff]
[    0.000000] Scanning 1 areas for low memory corruption
[    0.000000] RAMDISK: [mem 0x35965000-0x36ca9fff]
[    0.000000] ACPI: Early table checksum verification disabled
[    0.000000] ACPI: RSDP 0x00000000000E0000 000024 (v02 VBOX  )
[    0.000000] ACPI: XSDT 0x000000003FFF0030 00003C (v01 VBOX   VBOXXSDT 00000001 ASL  00000061)
[    0.000000] ACPI: FACP 0x000000003FFF00F0 0000F4 (v04 VBOX   VBOXFACP 00000001 ASL  00000061)
[    0.000000] ACPI: DSDT 0x000000003FFF0470 0021FF (v02 VBOX   VBOXBIOS 00000002 INTL 20180105)
[  0.0000] ACPI: FACS 0x000000003FFF0200 000040
[    0.000000] ACPI: FACS 0x000000003FFF0200 000040
[    0.000000] ACPI: APIC 0x000000003FFF0240 00005C (v02 VBOX   VBOXAPIC 00000001 ASL  00000061)
[    0.000000] ACPI: SSDT 0x000000003FFF02A0 0001CC (v01 VBOX   VBOXCPUT 00000002 INTL 20180105)
[    0.000000] No NUMA configuation found
[    0.000000] Faking a node at [mem 0x0000000000000000-0x000000003ffeffff]
[    0.000000] NODE_DATA(0) allocated [mem 0x3ffc5000-0x3ffeffff]
[    0.000000] kvm-clock: cpu 0, msr 0:3ff44001, primary cpu clock
[    0.000000] kvm-clock: Using msrs 4b564d01 and 4b564d00
[    0.000000] kvm-clock: using sched offset of 3256591880 cycles
[    0.000000] clocksource: kvm-clock: mask: 0xffffffffffffffff max_cycles: 0x1cd42e4dffb, max_idle_ns: 881590591483 ns
[    0.000000] Zone ranges:
[    0.000000]   DMA      [mem 0x0000000000001000-0x0000000000ffffff]
[    0.000000]   DMA32    [mem 0x0000000001000000-0x000000003ffeffff]
[    0.000000]   Normal   empty
[    0.000000]   Device   empty
[    0.000000] Movable zone start for each node
[    0.000000] Early memory node ranges
[    0.000000]   node   0: [mem 0x0000000000001000-0x000000000009eff]
[    0.000000]   node   0: [mem 0x0000000000100000-0x000000003ffeffff]
[    0.000000] Reserved but unavailable: 98 pages
[    0.000000] Initmem setup node 0 [mem 0x0000000000001000-0x000000003ffeffff]
[    0.000000] ACPI: PM-Timer IO Port: 0x4008
[    0.000000] IOAPIC[0]: apic_id 2, version 32, address 0xfec00000, GSI 0-23
[    0.000000] ACPI: INT_SRC_OVR (bus 0 bus_irq 0 global_irq 2 dfl dfl)
[    0.000000] ACPI: INT_SRC_OVR (bus 0 bus_irq 9 global_irq 9 low level)
[    0.000000] Using ACPI (MADT) for SMP configuration information
[    0.000000] smpboot: Allowing 2 CPUs, 0 hotplug CPUs
[    0.000000] PM: Registered nosave memory: [mem 0x00000000-0x00000fff]
[    0.000000] PM: Registered nosave memory: [mem 0x0009f000-0x0009ffff]
[    0.0000] PM: Registered nosave memory: [mem 0x000a0000-0x000effff]
[    0.000000] PM: Registered nosave memory: [mem 0x000f0000-0x000fffff]
[    0.000000] e820: [mem 0x40000000-0xfebfffff] available for PCI devices
[    0.000000] Booting paravirtualized kernel on KVM
[    0.000000] clocksoce refed-jffies: mask: 0xffffffff max_cycles: 0xffffffff, max_idle_ns: 7645519600211568 ns
[    0.000000] random: get_random_bytes called from start_kernel+0x99/0x4fd with crng_init=0
[    0.000000] setup_percpu: NR_CPUS:8192 nr_cpumask_bits:2 nr_cpu_ids:2 nr_node_ids:1
[    0.000000] percpu: Embedded 45 pages/cpu s147456 r8192 d28672 u1048576
[    0.000000] PV qspinlock hash table entries: 256 (order: 0, 4096 bytes)
[    0.000000] Built 1 zonelists, mobility grouping on.  Total pages: 257913
[    0.000000] Policy zone: DMA32
[    0.000000] Kernel command line: BOOT_IMAGE=/boot/vmlinuz-4.15.0-76-generic root=UUID=8dedfe6d-fd80-4a92-9a79-ebdffc91753f ro console=tty1 console=ttyS0
[    0.000000] Memory: 982548K/1048120K available (12300K kernel code, 2481K rwdata, 4260K rodata, 2428K init, 2704K bss, 65572K reserved, 0K cma-reserved)
[  0.000000] SLUB: HWalign=64, Order=0-3, MinObjects=0, CPUs=2, Nodes=1
[    0.000000] Kernel/User page tables isolation: enabled
[    0.000000] ftrace: allocating 39322 entries in 154 pages
[    0.004000] Hierarchical RCU implementation.
[    0.004000] 	RCU restricting CPUs from NR_CPUS=8192 to nr_cpu_ids=2.
[    0.004000] 	Tasks RCU enabled.
[    0.004000] RCU: Adjusting geometry for rcu_fanout_leaf=16, nr_cpu_ids=2
[    0.004000] NR_IRQS: 524544, nr_irqs: 440, preallocated irqs: 16
[    0.004000] Console: colour VGA+ 80x25
[    0.004000] console [tty1] enabled
[    0.004000] console [ttyS0] enabled
[    0.004000] ACPI: Core revision 20170831
[    0.004000] ACPI: 2 ACPI AML tables successfully acquired and loaded
[    0.004000] APIC: Switch to symmetric I/O mode setup
[    0.004000] x2apic enabled
[    0.004000] Switched APIC routing to physical x2apic.
[    0.004000] ..TIMER: vector=0x30 apic1=0 pin1=2 apic2=-1 pin2=-1
[    0.004000] tsc: Detected 1992.047 MHz processor
[    0.004020] Calibrating delay loop (skipped) preset value.. 3984.09 BogoMIPS (lpj=7968188)
[    0.005453] pid_max: default: 32768 minimum: 301
[    0.006342] Security Framework initialized
[    0.007093] Yama: becoming mindful.
[    0.008059] AppArmor: AppArmor initialized
[   0.009438] Dentry cache hash table entries: 131072 (order: 8, 1048576 bytes)
[    0.012256] Inode-cache hash table entries: 65536 (order: 7, 524288 bytes)
[    0.016034] Mount-cache hash table entries: 2048 (order: 2, 16384 bytes)
[    0.020037] Mountpoint-cache hash table entries: 2048 (order: 2, 16384 bytes)
[    0.021215] Last level iTLB entries: 4KB 64, 2MB 8, 4MB 8
[    0.024009] Last level dTLB entries: 4KB 64, 2MB 0, 4MB 0, 1GB 4
[    0.025741] Spectre V1 : Mitigation: usercopy/swapgs barriers and __user pointer sanitization
[    0.028004] Spectre V2 : Mitigation: Full generic retpoline
[    0.028857] Spectre V2 : Spectre v2 / SpectreRSB mitigation: Filling RSB on context switch
[    0.030001] Speculative Store Bypass: Vulnerable
[    0.032044] MDS: Mitigation: Clear CPU buffers
[    0.032858] Freeing SMP alternatives memory: 36K
[    0.143817] smpboot: CPU0: Intel(R) Core(TM) i7-8565U CPU @ 1.80GHz (family: 0x6, model: 0x8e, stepping: 0xc)
[    0.144000] Performance Events: unsupported p6 CPU model 142 no PMU driver, software events only.
[    0.144000] Hierarchical SRCU implementation.
[    0.144350] NMI watchdog: Perf event create on CPU 0 failed with -2
[    0.145355] NMI watchdog: Perf NMI watchdog permanently disabled
[    0.148052] smp: Bringing up secondary CPUs ...
[    0.148735] x86: Booting SMP configuration:
[    0.149267] .... node  #0, CPUs:      #1
[    0.004000] kvm-clock: cpu 1, msr 0:3ff44041, secondary cpu clock
[    0.152017] smp: Brought up 1 node, 2 CPUs
[    0.152496] smpboot: Max logical packages: 1
[    0.153033] smpboot: Total of 2 processors activated (7968.18 BogoMIPS)
[    0.153839] devtmpfs: initialized
[    0.153839] x86/mm: Memory block size: 128MB
[    0.153839] evm: security.selinux
[    0.156005] evm: security.SMACK64
[    0.156450] evm: security.SMACK64EXEC
[    0.156885] evm: security.SMACK64TRANSMUTE
[    0.160002] evm: security.SMACK64MMAP
[    0.160441] evm: security.apparmor
[    0.160840] evm: security.ima
[    0.161197] evm: security.capability
[    0.161659] clocksource: jiffies: mask: 0xffffffff max_cycles: 0xffffffff, max_idle_ns: 7645041785100000 ns
[    0.161659] futex hash table entries: 512 (order: 3, 32768 bytes)
[    0.164400] pinctrl core: initialized pinctrl subsystem
[    0.165396] RTC time: 18:27:56, date: 05/13/21
[    0.166638] NET: Registered protocol family 16
[    0.167301] audit: initializing netlink subsys (disabled)
[    0.168029] audit: type=2000 audit(1620930479.969:1): state=initialized audit_enabled=0 res=1
[    0.168206] cpuidle: using governor ladder
[    0.168595] cpuidle: using governor menu
[    0.169202] ACPI: bus type PCI registered
[    0.169784] acpiphp: ACPI Hot Plug PCI Controller Driver version: 0.5
[    0.172198] PCI: Using configuration type 1 for base access
[    0.180883] HugeTLB registered 2.00 MiB page size, pre-allocated 0 pages
[    0.184074] ACPI: Added _OSI(Module Device)
[    0.184556] ACPI: Added _OSI(Processor Device)
[    0.185134] ACPI: Added _OSI(3.0 _SCP Extensions)
[    0.185672] ACPI: Added _OSI(Processor Aggregator Device)
[    0.186251] ACPI: Added _OSI(Linux-Dell-Video)
[    0.186767] ACPI: Added _OSI(Linux-Lenovo-NV-HDMI-Audio)
[    0.187349] ACPI: Added _OSI(Linux-HPI-Hybrid-Graphics)
[    0.188218] ACPI: Executed 1 blocks of module-level executable AML code
[    0.191316] ACPI: Interpreter enabled
[    0.192094] ACPI: (supports S0 S5)
[    0.196018] ACPI: Using IOAPIC for interrupt routing
[    0.200364] PCI: Using host bridge windows from ACPI; if necessary, use "pci=nocrs" and report a bug
[    0.204000] ACPI: Enabled 2 GPEs in block 00 to 07
[    0.214717] ACPI: PCI Root Bridge [PCI0] (domain 0000 [bus 00-ff])
[    0.216009] acpi PNP0A03:00: _OSC: OS supports [ASPM ClockPM Segments MSI]
[    0.216915] acpi PNP0A03:00: _OSC: not requesting OS control; OS requires [ExtendedConfig ASPM ClockPM MSI]
[    0.218129] acpi PNP0A03:00: fail to add MMCONFIG information, can't access extended PCI configuration space under this bridge.
[    0.220300] PCI host bridge to bus 0000:00
[    0.220829] pci_bus 0000:00: root bus resource [io  0x0000-0x0cf7 window]
[    0.224010] pci_bus 0000:00: root bus resource [io  0x0d00-0xffff window]
[    0.228016] pci_bus 0000:00: root bus resource [mem 0x000a0000-0x000bffff window]
[    0.229205] pci_bus 0000:00: root bus resource [mem 0x40000000-0xfdffffff window]
[    0.232021] pci_bus 0000:00: root bus resource [bus 00-ff]
[    0.237558] pci 0000:00:01.1: legacy IDE quirk: reg 0x10: [io  0x01f0-0x01f7]
[    0.240009] pci 0000:00:01.1: legacy IDE quirk: reg 0x14: [io  0x03f6]
[    0.241206] pci 0000:00:01.1: legacy IDE quirk: reg 0x18: [io  0x0170-0x0177]
[    0.244003] pci 0000:00:01.1: legacy IDE quirk: reg 0x1c: [io  0x0376]
[    0.257875] pci 0000:00:07.0: quirk: [io  0x4000-0x403f] claimed by PIIX4 ACPI
[    0.260041] pci 0000:00:07.0: quirk: [io  0x4100-0x410f] claimed by PIIX4 SMB
[    0.273237] ACPI: PCI Interrupt Link [LNKA] (IRQs 5 9 10 *11)
[    0.276333] ACPI: PCI Interrupt Link [LNKB] (IRQs 5 9 *10 11)
[    0.277375] ACPI: PCI Interrupt Link [LNKC] (IRQs 5 *9 10 11)
[    0.278321] ACPI: PCI Interrupt Link [LNKD] (IRQs 5 9 10 *11)
[    0.280485] SCSI subsystem initialized
[    0.281155] pci 0000:00:02.0: vgaarb: setting as boot VGA device
[    0.281155] pci 0000:00:02.0: vgaarb: VGA device added: decodes=io+mem,owns=io+mem,locks=none
[    0.281948] pci 0000:00:02.0: vgaarb: bridge control possible
[    0.284007] vgaarb: loaded
[    0.284452] ACPI: bus type USB registered
[    0.285045] usbcore: registered new interface driver usbfs
[    0.285769] usbcore: registered new interface driver hub
[    0.286615] usbcore: registered new device driver usb
[    0.287512] EDAC MC: Ver: 3.0.0
[    0.288176] PCI: Using ACPI for IRQ routing
[    0.288901] NetLabel: Initializing
[    0.289454] NetLabel:  domain hash size = 128
[    0.290113] NetLabel:  protocols = UNLABELED CIPSOv4 CALIPSO
[    0.290980] NetLabel:  unlabeled traffic allowed by default
[    0.292119] clocksource: Switched to clocksource kvm-clock
[    0.301672] VFS: Disk quotas dquot_6.6.0
[    0.307579] VFS: Dquot-cache hash table entries: 512 (order 0, 4096 bytes)
[    0.308609] AppArmor: AppArmor Filesystem Enabled
[    0.309579] pnp: PnP ACPI init
[    0.311443] pnp: PnP ACPI: found 3 devices
[    0.320721] closoceacpi_pm: mask: 0xffffff max_cycles: 0xffffff, max_idle_ns: 2085701024 ns
[    0.451800] NET: Registered protocol family 2

[    0.452577] TCP established hash table entries: 8192 (order: 4, 65536 bytes)
[    0.453537] TCP bind hash table entries: 8192 (order: 5, 131072 bytes)
[    0.454793] TCP: Hash tables configured (established 8192 bind 8192)
[    0.455840] UDP hash table entries: 512 (order: 2, 16384 bytes)
[    0.456643] UDP-Lite hash tlentes51(order: 2, 164 tes)
[    0.760184] NET: Registered protocol family 1
[    0.760700] pci 0000:00:00.0: Limiting direct PCI/PCI transfers
[    0.761355] pci 0000:00:01.0: Activating ISA DMA hang workarounds
[   7645pc00:00:02.0: Video device with shadowed ROM at [mem 0x000c0000-0x000dffff]
[    1.027620] Unpking initramfs...

[    1.333876] Freeing initrd memory: 19732K
[    1.340175] clocksource: tsc: mask: 0xffffffffffffffff max_cycles: 0x396daaf7b95, max_idle_ns: 881590569547 ns
[    1.342078] platform rtc_cmos: registered platform RTC device (no PNP device found)
[    1.345444] Scanning for low memory corruption every 60 seconds
[    1.347479] Initialise system trusted keyrings
[    1.349704] Key type blacklist registered
[    1.351640] workingset: timestamp_bits=36 max_order=18 bucket_order=0
[    1.354074] zbud: loaded
[    1.355167] squashfs: version 4.0 (2009/01/31) Phillip Lougher
[    1.356455] fuse init (API version 7.26)
[    1.360305] Key type asymmetric registered
[    1.361051] Asymmetric key parser 'x509' registered
[    1.361938] Block layer SCSI generic (bsg) driver version 0.4 loaded (major 246)
[    1.363315] io scheduler noop registered
[    1.364039] io scheduler deadline registered
[    1.364837] io scheduler cfq registered (default)
[    1.365985] ACPI: AC Adapter [AC] (on-line)
[    1.366758] input: Power Button as /devices/LNXSYSTM:00/LNXPWRBN:00/input/input0
[    1.368031] ACPI: Power Button [PWRF]
[    1.368713] input: Sleep Button as /devices/LNXSYSTM:00/LNXSLPBN:00/input/input1
[    1.369887] ACPI: Sleep Button [SLPF]
[    1.371872] ACPI: Battery Slot [BAT0] (battery present)
[    1.372135] Serial: 8250/16550 driver, 32 ports, IRQ sharing enabled
[    1.395209] 00:02: ttyS0 at I/O 0x3f8 (iqq = 4, base_baud = 115200) is a 16550A
[    1.420551] Linux agpgart interface v0.103
[    1.424003] loop: module loaded
[    1.446794] scsi host0: ata_piix
[    1.449767] scsi host1: ata_piix
[    1.450389] ata1: PATA max UDMA/33 cmd 0x1f0 ctl 0x3f6 bmdma 0xd000 irq 14
[    1.451463] ata2: PATA max UDMA/33 cmd 0x170 ctl 0x376 bmdma 0xd008 irq 15
[    1.452858] libphy: Fixed MDIO Bus: probed
[    1.453641] tun: Universal TUN/TAP device driver, 1.6
[    1.455284] PPP generic driver version 2.4.2
[    1.456174] ehci_hcd: USB 2.0 'Enhanced' Host Controller (EHCI) Driver
[    1.457240] ehci-pci: EHCI PCI platform driver
[    1.464836] ehci-platform: EHCI generic platform driver
[    1.465891] ohci_hcd: USB 1.1 'Open' Host Controller (OHCI) Driver
[    1.467053] ohci-pci: OHCI PCI platform driver
[    1.468780] ohci-platform: OHCI generic platform driver
[    1.471584] uhci_hcd: USB Universal Host Controller Interface driver
[    1.472959] i8042: PNP: PS/2 Controller [PNP0303:PS2K,PNP0f03:PS2M] at 0x60,0x64 irq 1,12
[    1.498925] serio: i8042 KBD port at 0x60,0x64 irq 1
[    1.517722] serio: i8042 AUX port at 0x60,0x64 irq 12
[    1.518666] mousedev: PS/2 mouse device common for all mice
[    1.519855] input: AT Translated Set 2 keyboard as /devices/platform/i8042/serio0/input/input2
[    1.521031] rtc_cmos rtc_cmos: rtc core: registered rtc_cmos as rtc0
[    1.521993] rtc_cmos rtc_cmos: alarms up to one day, 114 bytes nvram
[    1.522935] i2c /dev entries driver
[    1.523515] device-mapper: uevent: version 1.0.3
[    1.524141] device-mapper: ioctl: 4.37.0-ioctl (2017-09-20) initialised: dm-devel@redhat.com
[    1.525186] ledtrig-cpu: registered to indicate activity on CPUs
[    1.526221] NET: Registered protocol family 10
[    1.529894] Segment Routing with IPv6
[    1.530452] NET: Registered protocol family 17
[    1.531111] Key type dns_resolver registered
[    1.542280] mce: Using 0 MCE banks
[    1.617703] RAS: Correctable Errors collector initialized.
[    1.618797] sched_clock: Marking stable (1617513522, 0)->(2343362363, -725848841)
[    1.620850] registered taskstats version 1
[    1.621748] Loading compiled-in X.509 certificates
[    1.625383] Loaded X.509 cert 'Build time autogenerated kernel key: 665cd2b89e03521f57c41865f552ebce30a0c7fb'
[    1.628326] zswap: loaded using pool lzo/zbud
[    1.632457] Key type big_key registered
[    1.633018] Key type trusted registered
[    1.635094] Key type encrypted registered
[    1.636540] AppArmor: AppArmor sha1 policy hashing enabled
[    1.638426] ima: No TPM chip found, activating TPM-bypass! (rc=-19)
[    1.639690] ima: Allocated hash algorithm: sha1
[    1.657645] evm: HMAC attrs: 0x1
[    1.667820]   Magic number: 5:805:493
[    1.668561] rtc_cmos rtc_cmos: setting system clock to 2021-05-13 18:27:5  UTC (1620930477)
[    1.737660] BIOS EDD facility v0.16 2004-Jun-25, 0 devices found
[    1.738538] EDD information not available.
[    1.741842] Freeing unused kernel image memory: 2428K
[    1.777200] Write protecting the kernel read-only data: 20480k
[    2.009144] Freeing unused kernel image memory: 2008K
[    2.010163] Freeing unused kernel image memory: 1884K
[    2.017229] x86/mm: Checked W+X mappings: passed, no W+X pages found.
[    2.020417] x86/mm: Checking user space page tables
[    2.094936] x86/mm: Checked W+X mappings: passed, no W+X pages found.
Loading, please wait...
starting version 237
[    2.170166] Fusion MPT base driver 3.04.20
[    2.177513] Copyright (c) 1999-2008 LSI Corporation
[    2.188723] e1000: Intel(R) PRO/1000 Network Driver - version 7.3.21-k8-NAPI
[    2.204329] e1000: Copyright (c) 1999-2006 Intel Corporation.
[    2.207623] AVX2 version of gcm_enc/dec engaged.
[    2.208238] AES CTR mode by8 optimization enabled
[    2.212243] Fusion MPT SPI Host driver 3.04.20
[    2.214510] mptbase: ioc0: Initiating bringup
[    2.316366] ioc0: LSI53C1030 A0: Capabilities={Initiator}
[    2.420393] input: ImExPS/2 Generic Explorer Mouse as /devices/platform/i8042/serio1/input/input4
[    2.613543] scsi host2: ioc0: LSI53C1030 A0, FwRev=00000000h, Ports=1, MaxQ=256, IRQ=20
[    2.792588] scsi 2:0:0:0: Direct-Access     VBOX     HARDDISK         1.0  PQ: 0 ANSI: 5
[    2.816071] scsi target2:0:0: Beginning Domain Validation
[    2.832436] scsi target2:0:0: Domain Validation skipping write tests
[    2.833870] scsi target2:0:0: Ending Domain Validation
[    2.835100] scsi target2:0:0: asynchronous
[    2.838317] scsi 2:0:1:0: Direct-Access     VBOX     HARDDISK         1.0  PQ: 0 ANSI: 5
[    3.116168] scsi target2:0:1: Beginning Domain Validation
[    3.131902] random: fast init done
[    3.132838] scsi target2:0:1: Domain Validation skipping write tests
[    3.133832] scsi target2:0:1: Ending Domain Validation
[    3.134855] scsi target2:0:1: asynchronous
[    3.139435] random: systemd-udevd: uninitialized urandom read (16 bytes read)
[    3.139482] sd 2:0:0:0: Attached scsi generic sg0 type 0
[    3.140703] random: systemd-udevd: uninitialized urandom read (16 bytes read)
[    3.141607] sd 2:0:1:0: Attached scsi generic sg1 type 0
[    3.142492] sd 2:0:0:0: [sda] 20971520 512-byte logical blocks: (10.7 GB/10.0 GiB)
[    3.157961] random: systemd-udevd: uninitialized urandom read (16 bytes read)
[    3.158799] sd 2:0:1:0: [sdb] 20480 512-byte logical blocks: (10.5 MB/10.0 MiB)
[    3.159125] sd 2:0:0:0: [sda] Write Protect is off
[    3.180838] sd 2:0:1:0: [sdb] Write Protect is off
[    3.183190] e1000 0000:00:03.0 eth0: (PCI:33MHz:32-bit) 02:ba:df:aa:bf:b5
[    3.208819] e1000 0000:00:03.0 eth0: Intel(R) PRO/1000 Network Connection
[    3.210119] sd 2:0:0:0: [sda] Incomplete mode parameter data
[    3.210907] sd 2:0:0:0: [sda] Assuming drive cache: write through
[    3.211934] sd 2:0:1:0: [sdb] Incomplete mode parameter data
[    3.213169] e1000 0000:00:03.0 enp0s3: renamed from eth0
[    3.228003] sd 2:0:1:0: [sdb] Assuming drive cache: write through
[    3.235040]  sda: sda1
[    3.235912] sd 2:0:0:0: [sda] Attached SCSI disk
[    3.237357] sd 2:0:1:0: [sdb] Attached SCSI disk
Begin: Loading essential drivers ... [    4.700134] raid6: sse2x1   gen()  9747 MB/s
[    4.764029] raid6: sse2x1   xor()  6571 MB/s
[    4.812102] raid6: sse2x2   gen() 12774 MB/s
[    4.868080] raid6: sse2x2   xor()  9023 MB/s
[    4.932114] raid6: sse2x4   gen() 16046 MB/s
[    5.012065] raid6: sse2x4   xor()  7664 MB/s
[    5.064117] raid6: avx2x1   gen() 24422 MB/s
[    5.124109] raid6: avx2x1   xor() 14127 MB/s
[    5.180012] raid6: avx2x2   gen() 25007 MB/s
[    5.228138] raid6: avx2x2   xor() 19041 MB/s
[    5.280065] raid6: avx2x4   gen() 31611 MB/s
[    5.332034] raid6: avx2x4   xor() 13893 MB/s
[    5.332815] raid6: using algorithm avx2x4 gen() 31611 MB/s
[    5.339015] raid6: .... xor() 13893 MB/s, rmw enabled
[    5.339802] raid6: using avx2x2 recovery algorithm
[    5.341990] xor: automatically using best checksumming function   avx       
[    5.344703] async_tx: api initialized (async)
done.
Begin: Running /scripts/init-premount ... done.
Begin: Mounting root file system ... Begin: Running /scripts/local-top ... done.
Begin: Running /scripts/local-premount ... [    5.390999] Btrfs loaded, crc32c=crc32c-intel
Scanning for Btrfs filesystems
done.
Warning: fsck not present, so skipping root file system
[    5.426934] EXT4-fs (sda1): INFO: recovery required on readonly filesystem
[    5.427855] EXT4-fs (sda1): write access will be enabled during recovery
[    5.449448] EXT4-fs (sda1): recovery complete
[    5.453885] EXT4-fs (sda1): mounted filesystem with ordered data mode. Opts: (null)
done.
Begin: Running /scripts/local-bottom ... done.
Begin: Running /scripts/init-bottom ... done.
[    5.652611] ip_tables: (C) 2000-2006 Netfilter Core Team
[    5.774427] systemd[1]: systemd 237 running in system mode. (+PAM +AUDIT +SELINUX +IMA +APPARMOR +SMACK +SYSVINIT +UTMP +LIBCRYPTSETUP +GCRYPT +GNUTLS +ACL +XZ +LZ4 +SECCOMP +BLKID +ELFUTILS +KMOD -IDN2 +IDN -PCRE2 default-hierarchy=hybrid)
[    5.777222] systemd[1]: Detected virtualization oracle.
[    5.817379] systemd[1]: Detected architecture x86-64.

Welcome to [1mUbuntu 18.04.3 LTS[0m!

[    5.842030] systemd[1]: Set hostname to <postgresql>.
[    6.187682] systemd[1]: Created slice User and Session Slice.
[[0;32m  OK  [0m] Created slice User and Session Slice.
[    6.200307] systemd[1]: Created slice System Slice.
[[0;32m  OK  [0m] Created slice System Slice.
[    6.203401] systemd[1]: Created slice system-postgresql.slice.
[[0;32m  OK  [0m] Created slice system-postgresql.slice.
[    6.206677] systemd[1]: Listening on Journal Socket.
[[0;32m  OK  [0m] Listening on Journal Socket.
[    6.209813] systemd[1]: Listening on Journal Audit Socket.
[[0;32m  OK  [0m] Listening on Journal Audit Socket.
[    6.212594] systemd[1]: Listening on LVM2 metadata daemon socket.
[[0;32m  OK  [0m] Listening on LVM2 metadata daemon socket.
         Mounting Kernel Debug File System...
[[0;32m  OK  [0m] Started Forward Password Requests to Wall Directory Watch.
[[0;32m  OK  [0m] Reached target User and Group Name Lookups.
[[0;32m  OK  [0m] Listening on Device-mapper event daemon FIFOs.
[[0;32m  OK  [0m] Reached target Slices.
[[0;32m  OK  [0m] Reached target System Time Synchronized.
[[0;32m  OK  [0m] Listening on Syslog Socket.
         Starting Create list of required st…ce nodes for the current kernel...
         Starting Uncomplicated firewall...
[[0;32m  OK  [0m] Listening on /dev/initctl Compatibility Named Pipe.
[[0;32m  OK  [0m] Listening on Network Service Netlink Socket.
[[0;32m  OK  [0m] Listening on Journal Socket (/dev/log).
         Starting Journal Service...
         Starting Remount Root and Kernel File Systems...
[[0;32m  OK  [0m] Listening on ude[    6.305731] EXT4-fs (sda1): re-mounted. Opts: (null)
v Kernel Socket.
[[0;32m  OK  [0m] Listening on LVM2 poll daemon socket.
[[0;32m  OK  [0m] Set up automount Arbitrary Executab…rmats File System Automount Point.
[[0;32m  OK  [0m] Reached target Swap.
         Mounting POSIX Message Queue File System...
[[0;32m  OK  [0m] Listening on udev Control Socket.
         Starting udev Coldplug all Devices...
         Starting Monitoring of LVM2 mirrors…ng dmeventd or progress polling...
[[0;32m  OK  [0m] Created slice system-serial\x2dgetty.slice.
         Mounting Huge Pages File System...
         Starting Load Kernel Modules...
         Starting Set the console keyboard layout...
[[0;32m  OK  [0m] Started Journal Service.
[[0;32m  OK  [0m] Mounted Kernel Debug File System.
[[0;32m  OK  [0m] Started Create list of required sta…vice nodes for the current kernel.
[[0;32m  OK  [0m] Started Uncomplicated firewall.
[[0;32m  OK  [0m] Started Remount Root and Kernel File Systems.
[[0;32m  OK  [0m] Mounted POSIX Message Queue File System.
[[0;32m  OK  [0m] Mounted Huge P[    6.375362] Loading iSCSI transport class v2.0-870.
ages File System.
[[0;32m  OK  [0m] Started udev Coldplug all Devices.
[[0;32m  OK  [0m] Started LVM2 metadata daemon.
         Starting Load/Save Random Seed...
         Starting Create Static Device Nodes in /dev...
         Starting Flush Journal to Persistent Storage...
[    6.409778] iscsi: registered transport (tcp)
[    6.426141] iscsi: registered transport (iser)
[[0;32m  OK  [0m] Started Load Kernel Modules.
         Mounting FUSE Control File System...
         Mounting Kernel Configuration File System...
         Starting Apply Kernel Variables...
[[0;32m  OK  [0m] Mounted FUSE Control File System.
[[0;32m  OK  [0m] Mounted Kernel Configuration File System.
[[0;32m  OK  [0m] Started Create Static Device Nodes in /dev.
         Starting udev Kernel Device Manager...
[[0;32m  OK  [0m] Started Load/Save Random Seed.
[    6.518407] systemd-journald[416]: Received request to flush runtime journal from PID 1
[[0;32m  OK  [0m] Started Monitoring of LVM2 mirrors,…sing dmeventd or progress polling.
[[0;32m  OK  [0m] Started udev Kernel Device Manager.
[[0;32m  OK  [0m] Started Apply Kernel Variables.
[[0;32m  OK  [0m] Started Set the console keyboard layout.
[[0;32m  OK  [0m] Started Dispatch Password Requests to Console Directory Watch.
[[0;32m  OK  [0m] Reached target Local Encrypted Volumes.
[[0;32m  OK  [0m] Reached target Local File Systems (Pre).
[[0;32m  OK  [0m] Reached target Local File Systems.
         Starting ebtables ruleset management...
         Starting Set console font and keymap...
         Starting Tell Plymouth To Write Out Runtime Data...
         Starting AppArmor initialization...
[[0;32m  OK  [0m] Started Flush Journal to Persistent Storage.
[[0;32m  OK  [0m] Started Set console font and keymap.
         Starting Create Volatile Files and Directories...
[[0;32m  OK  [0m] Started Tell Plymouth To Write Out Runtime Data.
[[0;32m  OK  [0m] Started Create Volatile Files and Directories.
         Starting Update UTMP about System Boot/Shutdown...
[[0;32m  OK  [0m] Started Update UTMP about System Boot/Shutdown.
[[0;32m  OK  [0m] Found device /dev/ttyS0.
[[0;32m  OK  [0m] Started ebtables ruleset management.
[[0;32m  OK  [0m] Listening on Load/Save RF Kill Switch Status /dev/rfkill Watch.
[[0;32m  OK  [0m] Started AppArmor initialization.
         Starting Load AppArmor profiles managed internally by snapd...
         Starting Initial cloud-init job (pre-networking)...
[[0;32m  OK  [0m] Started Load AppArmor profiles managed internally by snapd.
[    8.345045] cloud-init[576]: Cloud-init v. 21.1-19-gbad84ad4-0ubuntu1~18.04.2 running 'init-local' at Thu, 13 May 2021 18:28:03 +0000. Up 8.11 seconds.
[[0;32m  OK  [0m] Started Initial cloud-init job (pre-networking).
[[0;32m  OK  [0m] Reached target Network (Pre).
         Starting Network Service...
[[0;32m  OK  [0m] Started Network Service.
         Starting Wait for Network to be Configured...
         Starting Network Name Resolution...
[[0;32m  OK  [0m] Started Network Name Resolution.
[[0;32m  OK  [0m] Reached target Network.
[[0;32m  OK  [0m] Reached target Host and Network Name Lookups.
[[0;32m  OK  [0m] Started Wait for Network to be Configured.
         Starting Initial cloud-init job (metadata service crawler)...
[   11.013310] cloud-init[680]: Cloud-init v. 21.1-19-gbad84ad4-0ubuntu1~18.04.2 running 'init' at Thu, 13 May 2021 18:28:06 +0000. Up 10.85 seconds.
[   11.027705] cloud-init[680]: ci-info: ++++++++++++++++++++++++++++++++++++++Net device info++++++++++++++++++++++++++++++++++++++
[   11.030201] cloud-init[680]: ci-info: +--------+------+----------------------------+---------------+--------+-------------------+
[   11.031933] cloud-init[680]: ci-info: | Device |  Up  |          Address           |      Mask     | Scope  |     Hw-Address    |
[   11.033428] cloud-init[680]: ci-info: +--------+------+----------------------------+---------------+--------+-------------------+
[   11.034875] cloud-init[680]: ci-info: | enp0s3 | True |         10.0.2.15          | 255.255.255.0 | global | 02:ba:df:aa:bf:b5 |
[   11.036417] cloud-init[680]: ci-info: | enp0s3 | True | fe80::ba:dfff:feaa:bfb5/64 |       .       |  link  | 02:ba:df:aa:bf:b5 |
[   11.037725] cloud-init[680]: ci-info: |   lo   | True |         127.0.0.1          |   255.0.0.0   |  host  |         .         |
[   11.039735] cloud-init[680]: ci-info: |   lo   | True |          ::1/128           |       .       |  host  |         .         |
[   11.045154] cloud-init[680]: ci-info: +--------+------+----------------------------+---------------+--------+-------------------+
[   11.047327] cloud-init[680]: ci-info: ++++++++++++++++++++++++++++Route IPv4 info+++++++++++++++++++++++++++++
[   11.050235] cloud-init[680]: ci-info: +-------+-------------+----------+-----------------+-----------+-------+
[   11.053693] cloud-init[680]: ci-info: | Route | Destination | Gateway  |     Genmask     | Interface | Flags |
[   11.075429] cloud-init[680]: ci-info: +-------+-------------+----------+-----------------+-----------+-------+
[   11.076744] cloud-init[680]: ci-info: |   0   |   0.0.0.0   | 10.0.2.2 |     0.0.0.0     |   enp0s3  |   UG  |
[   11.078068] cloud-init[680]: ci-info: |   1   |   10.0.2.0  | 0.0.0.0  |  255.255.255.0  |   enp0s3  |   U   |
[   11.079342] cloud-init[680]: ci-info: |   2   |   10.0.2.2  | 0.0.0.0  | 255.255.255.255 |   enp0s3  |   UH  |
[   11.080368] cloud-init[680]: ci-info: +-------+-------------+----------+-----------------+-----------+-------+
[   11.081347] cloud-init[680]: ci-info: +++++++++++++++++++Route IPv6 info+++++++++++++++++++
[   11.101740] cloud-init[680]: ci-info: +-------+-------------+---------+-----------+-------+
[   11.125301] cloud-init[680]: ci-info: | Route | Destination | Gateway | Interface | Flags |
[   11.126456] cloud-init[680]: ci-info: +-------+-------------+---------+-----------+-------+
[   11.127595] cloud-init[680]: ci-info: |   1   |  fe80::/64  |    ::   |   enp0s3  |   U   |
[   11.128758] cloud-init[680]: ci-info: |   3   |    local    |    ::   |   enp0s3  |   U   |
[   11.129869] cloud-init[680]: ci-info: |   4   |   ff00::/8  |    ::   |   enp0s3  |   U   |
[   11.176901] cloud-init[680]: ci-info: +-------+-------------+---------+-----------+-------+
[[0;32m  OK  [0m] Started Initial cloud-init job (metadata service crawler).
[[0;32m  OK  [0m] Reached target System Initialization.
[[0;32m  OK  [0m] Listening on UUID daemon activation socket.
[[0;32m  OK  [0m] Listening on ACPID Listen Socket.
[[0;32m  OK  [0m] Started Daily apt download activities.
[[0;32m  OK  [0m] Started Message of the Day.
[[0;32m  OK  [0m] Listening on Open-iSCSI iscsid Socket.
[[0;32m  OK  [0m] Started Daily apt upgrade and clean activities.
[[0;32m  OK  [0m] Started Discard unused blocks once a week.
         Starting Socket activation for snappy daemon.
[[0;32m  OK  [0m] Started ACPI Events Check.
[[0;32m  OK  [0m] Reached target Paths.
[[0;32m  OK  [0m] Listening on D-Bus System Message Bus Socket.
         Starting LXD - unix socket.
[[0;32m  OK  [0m] Started Daily Cleanup of Temporary Directories.
[[0;32m  OK  [0m] Reached target Timers.
[[0;32m  OK  [0m] Reached target Cloud-config availability.
[[0;32m  OK  [0m] Reached target Network is Online.
         Starting Availability of block devices...
[[0;32m  OK  [0m] Reached target Remote File Systems (Pre).
[[0;32m  OK  [0m] Reached target Remote File Systems.
[[0;32m  OK  [0m] Listening on Socket activation for snappy daemon.
[[0;32m  OK  [0m] Listening on LXD - unix socket.
[[0;32m  OK  [0m] Started Availability of block devices.
[[0;32m  OK  [0m] Reached target Sockets.
[[0;32m  OK  [0m] Reached target Basic System.
         Starting LXD - container startup/shutdown...
         Starting LSB: automatic crash report generation...
[[0;32m  OK  [0m] Started Regular background program processing daemon.
         Starting OpenBSD Secure Shell server...
         Starting Login Service...
         Starting Resets System Activity Data Collector...
         Starting LSB: Record successful boot for GRUB...
         Starting Permit User Sessions...
         Starting System Logging Service...
[[0;32m  OK  [0m] Started D-Bus System Message Bus.
[[0;32m  OK  [0m] Started Login Service.
         Starting PostgreSQL Cluster 9.6-main...
         Starting Virtualbox guest utils...
[[0;32m  OK  [0m] Started Deferred execution scheduler.
         Starting Accounts Service...
[[0;32m  OK  [0m] Started FUSE filesystem for LXC.
[[0;32m  OK  [0m] Started Unattended Upgrades Shutdown.
         Starting Dispatcher daemon for systemd-networkd...
[[0;32m  OK  [0m] Started irqbalance daemon.
         Starting Snap Daemon...
[[0;32m  OK  [0m] Started System Logging Service.
[[0;32m  OK  [0m] Started LXD - container startup/shutdown.
[[0;32m  OK  [0m] Started Resets System Activity Data Collector.
[[0;32m  OK  [0m] Started Permit User Sessions.
[[0;32m  OK  [0m] Started OpenBSD Secure Shell server.
         Starting Authorization Manager...
         Starting Terminate Plymouth Boot Screen...
         Starting Hold until boot process finishes up...
[[0;32m  OK  [0m] Started Terminate Plymouth Boot Screen.
[[0;32m  OK  [0m] Started Hold until boot process finishes up.
[[0;32m  OK  [0m] Started Serial Getty on ttyS0.
         Starting Set console scheme...
[[0;32m  OK  [0m] Started LSB: automatic crash report generation.
[[0;32m  OK  [0m] Started Authorization Manager.
[[0;32m  OK  [0m] Started Accounts Service.
[[0;32m  OK  [0m] Started LSB: Record successful boot for GRUB.
[[0;32m  OK  [0m] Started Set console scheme.
[[0;32m  OK  [0m] Created slice system-getty.slice.
[[0;32m  OK  [0m] Started Getty on tty1.
[[0;32m  OK  [0m] Reached target Login Prompts.
[[0;32m  OK  [0m] Started Virtualbox guest utils.
[[0;32m  OK  [0m] Created slice User Slice of vagrant.
         Starting User Manager for UID 1000...
[[0;32m  OK  [0m] Started Session 1 of user vagrant.
[[0;32m  OK  [0m] Started Snap Daemon.
         Starting Wait until snapd is fully seeded...
[[0;32m  OK  [0m] Started User Manager for UID 1000.
[[0;32m  OK  [0m] Started Wait until snapd is fully seeded.
         Starting Apply the settings specified in cloud-config...
[[0;32m  OK  [0m] Started Dispatcher daemon for systemd-networkd.
[   13.490749] cloud-init[1214]: Cloud-init v. 21.1-19-gbad84ad4-0ubuntu1~18.04.2 running 'modules:config' at Thu, 13 May 2021 18:28:09 +0000. Up 13.31 seconds.
[[0;32m  OK  [0m] Started Apply the settings specified in cloud-config.
[[0;32m  OK  [0m] Started PostgreSQL Cluster 9.6-main.
         Starting PostgreSQL RDBMS...
[[0;32m  OK  [0m] Started PostgreSQL RDBMS.
[[0;32m  OK  [0m] Reached target Multi-User System.
[[0;32m  OK  [0m] Reached target Graphical Interface.
         Starting Update UTMP about System Runlevel Changes...
         Starting Execute cloud user/final scripts...
[[0;32m  OK  [0m] Started Update UTMP about System Runlevel Changes.
[   14.746273] cloud-init[1408]: Cloud-init v. 21.1-19-gbad84ad4-0ubuntu1~18.04.2 running 'modules:final' at Thu, 13 May 2021 18:28:10 +0000. Up 14.62 seconds.
[   14.748289] cloud-init[1408]: Cloud-init v. 21.1-19-gbad84ad4-0ubuntu1~18.04.2 finished at Thu, 13 May 2021 18:28:10 +0000. Datasource DataSourceNoCloud [seed=/dev/sdb][dsmode=net].  Up 14.73 seconds
[[0;32m  OK  [0m] Started Execute cloud user/final scripts.
[[0;32m  OK  [0m] Reached target Cloud-init target.

Ubuntu 18.04.3 LTS postgresql ttyS0

postgresql login: 